#
# There is insufficient memory for the Java Runtime Environment to continue.
# Native memory allocation (malloc) failed to allocate 2245776 bytes. Error detail: Chunk::new
# Possible reasons:
#   The system is out of physical RAM or swap space
#   This process is running with CompressedOops enabled, and the Java Heap may be blocking the growth of the native heap
# Possible solutions:
#   Reduce memory load on the system
#   Increase physical memory or swap space
#   Check if swap backing store is full
#   Decrease Java heap size (-Xmx/-Xms)
#   Decrease number of Java threads
#   Decrease Java thread stack sizes (-Xss)
#   Set larger code cache with -XX:ReservedCodeCacheSize=
#   JVM is running with Unscaled Compressed Oops mode in which the Java heap is
#     placed in the first 4GB address space. The Java Heap base address is the
#     maximum limit for the native heap growth. Please use -XX:HeapBaseMinAddress
#     to set the Java Heap base and to place the Java Heap above 4GB virtual address.
# This output file may be truncated or incomplete.
#
#  Out of Memory Error (arena.cpp:168), pid=13840, tid=20048
#
# JRE version: OpenJDK Runtime Environment (21.0.7) (build 21.0.7+-13880790-b1038.58)
# Java VM: OpenJDK 64-Bit Server VM (21.0.7+-13880790-b1038.58, mixed mode, tiered, compressed oops, compressed class ptrs, g1 gc, windows-amd64)
# No core dump will be written. Minidumps are not enabled by default on client versions of Windows
#

---------------  S U M M A R Y ------------

Command Line: --add-opens=java.base/java.lang=ALL-UNNAMED --add-opens=java.base/java.lang.invoke=ALL-UNNAMED --add-opens=java.base/java.util=ALL-UNNAMED --add-opens=java.prefs/java.util.prefs=ALL-UNNAMED --add-exports=jdk.compiler/com.sun.tools.javac.api=ALL-UNNAMED --add-exports=jdk.compiler/com.sun.tools.javac.util=ALL-UNNAMED --add-opens=java.base/java.util=ALL-UNNAMED --add-opens=java.prefs/java.util.prefs=ALL-UNNAMED --add-opens=java.base/java.nio.charset=ALL-UNNAMED --add-opens=java.base/java.net=ALL-UNNAMED --add-opens=java.base/java.util.concurrent.atomic=ALL-UNNAMED --add-opens=java.xml/javax.xml.namespace=ALL-UNNAMED -Xmx2048m -Dfile.encoding=UTF-8 -Duser.country=BR -Duser.language=pt -Duser.variant -javaagent:C:\Users\walli\.gradle\wrapper\dists\gradle-8.13-bin\5xuhj0ry160q40clulazy9h7d\gradle-8.13\lib\agents\gradle-instrumentation-agent-8.13.jar org.gradle.launcher.daemon.bootstrap.GradleDaemon 8.13

Host: 12th Gen Intel(R) Core(TM) i7-1255U, 12 cores, 15G,  Windows 11 , 64 bit Build 26100 (10.0.26100.7705)
Time: Wed Feb 18 12:29:40 2026 Hora Padrão de Buenos Aires elapsed time: 8.253725 seconds (0d 0h 0m 8s)

---------------  T H R E A D  ---------------

Current thread (0x0000023dcc90bc00):  JavaThread "C2 CompilerThread0" daemon [_thread_in_native, id=20048, stack(0x0000005b8f400000,0x0000005b8f500000) (1024K)]


Current CompileTask:
C2:8253 4450       4       java.net.URLClassLoader$1::run (5 bytes)

Stack: [0x0000005b8f400000,0x0000005b8f500000]
Native frames: (J=compiled Java code, j=interpreted, Vv=VM code, C=native code)
V  [jvm.dll+0x6d25c9]
V  [jvm.dll+0x860923]
V  [jvm.dll+0x862e7e]
V  [jvm.dll+0x863563]
V  [jvm.dll+0x27f156]
V  [jvm.dll+0xc002d]
V  [jvm.dll+0xc0563]
V  [jvm.dll+0x3b6d3b]
V  [jvm.dll+0x382c27]
V  [jvm.dll+0x38209a]
V  [jvm.dll+0x247e72]
V  [jvm.dll+0x247441]
V  [jvm.dll+0x1c5fb4]
V  [jvm.dll+0x256bac]
V  [jvm.dll+0x2550f6]
V  [jvm.dll+0x3f1d16]
V  [jvm.dll+0x808d08]
V  [jvm.dll+0x6d0e1d]
C  [ucrtbase.dll+0x37b0]
C  [KERNEL32.DLL+0x2e8d7]
C  [ntdll.dll+0x8c40c]


---------------  P R O C E S S  ---------------

Threads class SMR info:
_java_thread_list=0x0000023dd7635780, length=36, elements={
0x0000023db4c5a060, 0x0000023dcc8ae440, 0x0000023dcc8af970, 0x0000023dcc8affe0,
0x0000023dcc8f5a00, 0x0000023dcc8f6070, 0x0000023dcc8d9d50, 0x0000023dcc8da3c0,
0x0000023dcc90bc00, 0x0000023dcc90c2b0, 0x0000023dccbbb890, 0x0000023dccbbbf20,
0x0000023dccbbc5b0, 0x0000023dccbb97c0, 0x0000023dccbbcc40, 0x0000023dccbb9e50,
0x0000023dccbba4e0, 0x0000023dccbbb200, 0x0000023dd2acf440, 0x0000023dd2acfad0,
0x0000023dd2ace720, 0x0000023dd2ad07f0, 0x0000023dd2acedb0, 0x0000023dd2ad1510,
0x0000023dd2ad1ba0, 0x0000023dd2ad35e0, 0x0000023dd2ad4300, 0x0000023dd2ad3c70,
0x0000023dd2ad0e80, 0x0000023dd2ad5020, 0x0000023dd2e94ab0, 0x0000023dd2e93640,
0x0000023dd2ad28c0, 0x0000023dd2ad2230, 0x0000023dd2ad2f50, 0x0000023dd78b6080
}

Java Threads: ( => current thread )
  0x0000023db4c5a060 JavaThread "main"                              [_thread_blocked, id=13304, stack(0x0000005b8e500000,0x0000005b8e600000) (1024K)]
  0x0000023dcc8ae440 JavaThread "Common-Cleaner"             daemon [_thread_blocked, id=15540, stack(0x0000005b8ed00000,0x0000005b8ee00000) (1024K)]
  0x0000023dcc8af970 JavaThread "Reference Handler"          daemon [_thread_blocked, id=14224, stack(0x0000005b8ee00000,0x0000005b8ef00000) (1024K)]
  0x0000023dcc8affe0 JavaThread "Finalizer"                  daemon [_thread_blocked, id=16616, stack(0x0000005b8ef00000,0x0000005b8f000000) (1024K)]
  0x0000023dcc8f5a00 JavaThread "Signal Dispatcher"          daemon [_thread_blocked, id=17748, stack(0x0000005b8f000000,0x0000005b8f100000) (1024K)]
  0x0000023dcc8f6070 JavaThread "Attach Listener"            daemon [_thread_blocked, id=8628, stack(0x0000005b8f100000,0x0000005b8f200000) (1024K)]
  0x0000023dcc8d9d50 JavaThread "Service Thread"             daemon [_thread_blocked, id=18144, stack(0x0000005b8f200000,0x0000005b8f300000) (1024K)]
  0x0000023dcc8da3c0 JavaThread "Monitor Deflation Thread"   daemon [_thread_blocked, id=15400, stack(0x0000005b8f300000,0x0000005b8f400000) (1024K)]
=>0x0000023dcc90bc00 JavaThread "C2 CompilerThread0"         daemon [_thread_in_native, id=20048, stack(0x0000005b8f400000,0x0000005b8f500000) (1024K)]
  0x0000023dcc90c2b0 JavaThread "C1 CompilerThread0"         daemon [_thread_blocked, id=2832, stack(0x0000005b8f500000,0x0000005b8f600000) (1024K)]
  0x0000023dccbbb890 JavaThread "Notification Thread"        daemon [_thread_blocked, id=7164, stack(0x0000005b8f600000,0x0000005b8f700000) (1024K)]
  0x0000023dccbbbf20 JavaThread "Daemon health stats"               [_thread_blocked, id=14264, stack(0x0000005b8fe00000,0x0000005b8ff00000) (1024K)]
  0x0000023dccbbc5b0 JavaThread "Incoming local TCP Connector on port 58770"        [_thread_in_native, id=3016, stack(0x0000005b8f800000,0x0000005b8f900000) (1024K)]
  0x0000023dccbb97c0 JavaThread "Daemon periodic checks"            [_thread_blocked, id=23820, stack(0x0000005b90200000,0x0000005b90300000) (1024K)]
  0x0000023dccbbcc40 JavaThread "Daemon"                            [_thread_blocked, id=13440, stack(0x0000005b90300000,0x0000005b90400000) (1024K)]
  0x0000023dccbb9e50 JavaThread "Handler for socket connection from /127.0.0.1:58770 to /127.0.0.1:58771"        [_thread_in_native, id=17444, stack(0x0000005b90400000,0x0000005b90500000) (1024K)]
  0x0000023dccbba4e0 JavaThread "Cancel handler"                    [_thread_blocked, id=19012, stack(0x0000005b90500000,0x0000005b90600000) (1024K)]
  0x0000023dccbbb200 JavaThread "Daemon worker"                     [_thread_in_vm, id=10172, stack(0x0000005b90600000,0x0000005b90700000) (1024K)]
  0x0000023dd2acf440 JavaThread "Asynchronous log dispatcher for DefaultDaemonConnection: socket connection from /127.0.0.1:58770 to /127.0.0.1:58771"        [_thread_blocked, id=14068, stack(0x0000005b90700000,0x0000005b90800000) (1024K)]
  0x0000023dd2acfad0 JavaThread "Stdin handler"                     [_thread_blocked, id=3744, stack(0x0000005b90800000,0x0000005b90900000) (1024K)]
  0x0000023dd2ace720 JavaThread "Daemon client event forwarder"        [_thread_blocked, id=13864, stack(0x0000005b90900000,0x0000005b90a00000) (1024K)]
  0x0000023dd2ad07f0 JavaThread "Cache worker for journal cache (C:\Users\walli\.gradle\caches\journal-1)"        [_thread_blocked, id=11856, stack(0x0000005b8f700000,0x0000005b8f800000) (1024K)]
  0x0000023dd2acedb0 JavaThread "File lock request listener"        [_thread_in_native, id=21544, stack(0x0000005b90d00000,0x0000005b90e00000) (1024K)]
  0x0000023dd2ad1510 JavaThread "Cache worker for file hash cache (C:\Users\walli\.gradle\caches\8.13\fileHashes)"        [_thread_blocked, id=15660, stack(0x0000005b90e00000,0x0000005b90f00000) (1024K)]
  0x0000023dd2ad1ba0 JavaThread "Cache worker for file hash cache (C:\Users\walli\AndroidStudioProjects\FlexCriatiwa\.gradle\8.13\fileHashes)"        [_thread_blocked, id=2532, stack(0x0000005b91000000,0x0000005b91100000) (1024K)]
  0x0000023dd2ad35e0 JavaThread "Cache worker for Build Output Cleanup Cache (C:\Users\walli\AndroidStudioProjects\FlexCriatiwa\.gradle\buildOutputCleanup)"        [_thread_blocked, id=132, stack(0x0000005b91100000,0x0000005b91200000) (1024K)]
  0x0000023dd2ad4300 JavaThread "File watcher server"        daemon [_thread_in_native, id=4596, stack(0x0000005b91200000,0x0000005b91300000) (1024K)]
  0x0000023dd2ad3c70 JavaThread "File watcher consumer"      daemon [_thread_blocked, id=23144, stack(0x0000005b91300000,0x0000005b91400000) (1024K)]
  0x0000023dd2ad0e80 JavaThread "jar transforms"                    [_thread_blocked, id=23784, stack(0x0000005b90f00000,0x0000005b91000000) (1024K)]
  0x0000023dd2ad5020 JavaThread "jar transforms Thread 2"           [_thread_blocked, id=20860, stack(0x0000005b91400000,0x0000005b91500000) (1024K)]
  0x0000023dd2e94ab0 JavaThread "C2 CompilerThread1"         daemon [_thread_in_native, id=5972, stack(0x0000005b91500000,0x0000005b91600000) (1024K)]
  0x0000023dd2e93640 JavaThread "C2 CompilerThread2"         daemon [_thread_in_native, id=15680, stack(0x0000005b91600000,0x0000005b91700000) (1024K)]
  0x0000023dd2ad28c0 JavaThread "Cache worker for checksums cache (C:\Users\walli\AndroidStudioProjects\FlexCriatiwa\.gradle\8.13\checksums)"        [_thread_blocked, id=19200, stack(0x0000005b91700000,0x0000005b91800000) (1024K)]
  0x0000023dd2ad2230 JavaThread "Cache worker for file content cache (C:\Users\walli\.gradle\caches\8.13\fileContent)"        [_thread_blocked, id=19936, stack(0x0000005b91800000,0x0000005b91900000) (1024K)]
  0x0000023dd2ad2f50 JavaThread "jar transforms Thread 3"           [_thread_blocked, id=6844, stack(0x0000005b91900000,0x0000005b91a00000) (1024K)]
  0x0000023dd78b6080 JavaThread "Cache worker for cache directory md-supplier (C:\Users\walli\.gradle\caches\8.13\md-supplier)"        [_thread_blocked, id=18736, stack(0x0000005b91a00000,0x0000005b91b00000) (1024K)]
Total: 36

Other Threads:
  0x0000023dcc7b98f0 VMThread "VM Thread"                           [id=10616, stack(0x0000005b8ec00000,0x0000005b8ed00000) (1024K)]
  0x0000023dcc8409d0 WatcherThread "VM Periodic Task Thread"        [id=25036, stack(0x0000005b8eb00000,0x0000005b8ec00000) (1024K)]
  0x0000023db4cb4390 WorkerThread "GC Thread#0"                     [id=23964, stack(0x0000005b8e600000,0x0000005b8e700000) (1024K)]
  0x0000023dd1582890 WorkerThread "GC Thread#1"                     [id=14728, stack(0x0000005b8f900000,0x0000005b8fa00000) (1024K)]
  0x0000023dd14267d0 WorkerThread "GC Thread#2"                     [id=16720, stack(0x0000005b8fa00000,0x0000005b8fb00000) (1024K)]
  0x0000023dd1426b70 WorkerThread "GC Thread#3"                     [id=4580, stack(0x0000005b8fb00000,0x0000005b8fc00000) (1024K)]
  0x0000023dd1426f10 WorkerThread "GC Thread#4"                     [id=6212, stack(0x0000005b8fc00000,0x0000005b8fd00000) (1024K)]
  0x0000023dd1571250 WorkerThread "GC Thread#5"                     [id=8304, stack(0x0000005b8fd00000,0x0000005b8fe00000) (1024K)]
  0x0000023dd221c380 WorkerThread "GC Thread#6"                     [id=19336, stack(0x0000005b8ff00000,0x0000005b90000000) (1024K)]
  0x0000023dd20edb90 WorkerThread "GC Thread#7"                     [id=6596, stack(0x0000005b90000000,0x0000005b90100000) (1024K)]
  0x0000023dd2aa0930 WorkerThread "GC Thread#8"                     [id=2448, stack(0x0000005b90100000,0x0000005b90200000) (1024K)]
  0x0000023dd2aa01f0 WorkerThread "GC Thread#9"                     [id=19500, stack(0x0000005b90a00000,0x0000005b90b00000) (1024K)]
  0x0000023db4cc5280 ConcurrentGCThread "G1 Main Marker"            [id=21612, stack(0x0000005b8e700000,0x0000005b8e800000) (1024K)]
  0x0000023db4cc6ad0 WorkerThread "G1 Conc#0"                       [id=11344, stack(0x0000005b8e800000,0x0000005b8e900000) (1024K)]
  0x0000023dd2a9fab0 WorkerThread "G1 Conc#1"                       [id=22840, stack(0x0000005b90b00000,0x0000005b90c00000) (1024K)]
  0x0000023dd2a9fe50 WorkerThread "G1 Conc#2"                       [id=1772, stack(0x0000005b90c00000,0x0000005b90d00000) (1024K)]
  0x0000023dcc6a1b00 ConcurrentGCThread "G1 Refine#0"               [id=17220, stack(0x0000005b8e900000,0x0000005b8ea00000) (1024K)]
  0x0000023dcc6a2f40 ConcurrentGCThread "G1 Service"                [id=13624, stack(0x0000005b8ea00000,0x0000005b8eb00000) (1024K)]
Total: 18

Threads with active compile tasks:
C2 CompilerThread0  8337 4450       4       java.net.URLClassLoader$1::run (5 bytes)
C2 CompilerThread1  8360 4367   !   4       java.net.URLClassLoader::findClass (47 bytes)
C2 CompilerThread2  8360 4368   !   4       java.net.URLClassLoader$1::run (81 bytes)
Total: 3

VM state: not at safepoint (normal execution)

VM Mutex/Monitor currently owned by a thread: None

Heap address: 0x0000000080000000, size: 2048 MB, Compressed Oops mode: 32-bit

CDS archive(s) not mapped
Compressed class space mapped at: 0x0000000100000000-0x0000000140000000, reserved size: 1073741824
Narrow klass base: 0x0000000000000000, Narrow klass shift: 3, Narrow klass range: 0x140000000

GC Precious Log:
 CardTable entry size: 512
 Card Set container configuration: InlinePtr #cards 5 size 8 Array Of Cards #cards 12 size 40 Howl #buckets 4 coarsen threshold 1843 Howl Bitmap #cards 512 size 80 coarsen threshold 460 Card regions per heap region 1 cards per card region 2048
 CPUs: 12 total, 12 available
 Memory: 16069M
 Large Page Support: Disabled
 NUMA Support: Disabled
 Compressed Oops: Enabled (32-bit)
 Heap Region Size: 1M
 Heap Min Capacity: 8M
 Heap Initial Capacity: 252M
 Heap Max Capacity: 2G
 Pre-touch: Disabled
 Parallel Workers: 10
 Concurrent Workers: 3
 Concurrent Refinement Workers: 10
 Periodic GC: Disabled

Heap:
 garbage-first heap   total 88064K, used 48352K [0x0000000080000000, 0x0000000100000000)
  region size 1024K, 19 young (19456K), 5 survivors (5120K)
 Metaspace       used 48544K, committed 49664K, reserved 1114112K
  class space    used 6500K, committed 7040K, reserved 1048576K

Heap Regions: E=young(eden), S=young(survivor), O=old, HS=humongous(starts), HC=humongous(continues), CS=collection set, F=free, TAMS=top-at-mark-start, PB=parsable bottom
|   0|0x0000000080000000, 0x0000000080100000, 0x0000000080100000|100%|HS|  |TAMS 0x0000000080000000| PB 0x0000000080000000| Complete 
|   1|0x0000000080100000, 0x0000000080200000, 0x0000000080200000|100%|HC|  |TAMS 0x0000000080100000| PB 0x0000000080100000| Complete 
|   2|0x0000000080200000, 0x0000000080300000, 0x0000000080300000|100%|HC|  |TAMS 0x0000000080200000| PB 0x0000000080200000| Complete 
|   3|0x0000000080300000, 0x0000000080400000, 0x0000000080400000|100%| O|  |TAMS 0x0000000080300000| PB 0x0000000080300000| Untracked 
|   4|0x0000000080400000, 0x0000000080500000, 0x0000000080500000|100%| O|  |TAMS 0x0000000080400000| PB 0x0000000080400000| Untracked 
|   5|0x0000000080500000, 0x0000000080600000, 0x0000000080600000|100%| O|  |TAMS 0x0000000080500000| PB 0x0000000080500000| Untracked 
|   6|0x0000000080600000, 0x0000000080700000, 0x0000000080700000|100%|HS|  |TAMS 0x0000000080600000| PB 0x0000000080600000| Complete 
|   7|0x0000000080700000, 0x0000000080800000, 0x0000000080800000|100%| O|  |TAMS 0x0000000080700000| PB 0x0000000080700000| Untracked 
|   8|0x0000000080800000, 0x0000000080900000, 0x0000000080900000|100%| O|  |TAMS 0x0000000080800000| PB 0x0000000080800000| Untracked 
|   9|0x0000000080900000, 0x0000000080a00000, 0x0000000080a00000|100%| O|  |TAMS 0x0000000080900000| PB 0x0000000080900000| Untracked 
|  10|0x0000000080a00000, 0x0000000080b00000, 0x0000000080b00000|100%| O|  |TAMS 0x0000000080a00000| PB 0x0000000080a00000| Untracked 
|  11|0x0000000080b00000, 0x0000000080c00000, 0x0000000080c00000|100%| O|  |TAMS 0x0000000080b00000| PB 0x0000000080b00000| Untracked 
|  12|0x0000000080c00000, 0x0000000080d00000, 0x0000000080d00000|100%| O|  |TAMS 0x0000000080c00000| PB 0x0000000080c00000| Untracked 
|  13|0x0000000080d00000, 0x0000000080e00000, 0x0000000080e00000|100%| O|  |TAMS 0x0000000080d00000| PB 0x0000000080d00000| Untracked 
|  14|0x0000000080e00000, 0x0000000080f00000, 0x0000000080f00000|100%| O|  |TAMS 0x0000000080e00000| PB 0x0000000080e00000| Untracked 
|  15|0x0000000080f00000, 0x0000000081000000, 0x0000000081000000|100%| O|  |TAMS 0x0000000080f00000| PB 0x0000000080f00000| Untracked 
|  16|0x0000000081000000, 0x0000000081100000, 0x0000000081100000|100%| O|  |TAMS 0x0000000081000000| PB 0x0000000081000000| Untracked 
|  17|0x0000000081100000, 0x0000000081200000, 0x0000000081200000|100%| O|  |TAMS 0x0000000081100000| PB 0x0000000081100000| Untracked 
|  18|0x0000000081200000, 0x0000000081300000, 0x0000000081300000|100%| O|  |TAMS 0x0000000081200000| PB 0x0000000081200000| Untracked 
|  19|0x0000000081300000, 0x0000000081300000, 0x0000000081400000|  0%| F|  |TAMS 0x0000000081300000| PB 0x0000000081300000| Untracked 
|  20|0x0000000081400000, 0x0000000081500000, 0x0000000081500000|100%| O|  |TAMS 0x0000000081400000| PB 0x0000000081400000| Untracked 
|  21|0x0000000081500000, 0x0000000081600000, 0x0000000081600000|100%| O|  |TAMS 0x0000000081500000| PB 0x0000000081500000| Untracked 
|  22|0x0000000081600000, 0x0000000081700000, 0x0000000081700000|100%| O|  |TAMS 0x0000000081600000| PB 0x0000000081600000| Untracked 
|  23|0x0000000081700000, 0x0000000081800000, 0x0000000081800000|100%| O|  |TAMS 0x0000000081700000| PB 0x0000000081700000| Untracked 
|  24|0x0000000081800000, 0x0000000081800000, 0x0000000081900000|  0%| F|  |TAMS 0x0000000081800000| PB 0x0000000081800000| Untracked 
|  25|0x0000000081900000, 0x0000000081900000, 0x0000000081a00000|  0%| F|  |TAMS 0x0000000081900000| PB 0x0000000081900000| Untracked 
|  26|0x0000000081a00000, 0x0000000081a00000, 0x0000000081b00000|  0%| F|  |TAMS 0x0000000081a00000| PB 0x0000000081a00000| Untracked 
|  27|0x0000000081b00000, 0x0000000081b00000, 0x0000000081c00000|  0%| F|  |TAMS 0x0000000081b00000| PB 0x0000000081b00000| Untracked 
|  28|0x0000000081c00000, 0x0000000081c00000, 0x0000000081d00000|  0%| F|  |TAMS 0x0000000081c00000| PB 0x0000000081c00000| Untracked 
|  29|0x0000000081d00000, 0x0000000081d00000, 0x0000000081e00000|  0%| F|  |TAMS 0x0000000081d00000| PB 0x0000000081d00000| Untracked 
|  30|0x0000000081e00000, 0x0000000081e00000, 0x0000000081f00000|  0%| F|  |TAMS 0x0000000081e00000| PB 0x0000000081e00000| Untracked 
|  31|0x0000000081f00000, 0x0000000081f00000, 0x0000000082000000|  0%| F|  |TAMS 0x0000000081f00000| PB 0x0000000081f00000| Untracked 
|  32|0x0000000082000000, 0x0000000082000000, 0x0000000082100000|  0%| F|  |TAMS 0x0000000082000000| PB 0x0000000082000000| Untracked 
|  33|0x0000000082100000, 0x0000000082100000, 0x0000000082200000|  0%| F|  |TAMS 0x0000000082100000| PB 0x0000000082100000| Untracked 
|  34|0x0000000082200000, 0x0000000082200000, 0x0000000082300000|  0%| F|  |TAMS 0x0000000082200000| PB 0x0000000082200000| Untracked 
|  35|0x0000000082300000, 0x0000000082400000, 0x0000000082400000|100%| O|  |TAMS 0x0000000082300000| PB 0x0000000082300000| Untracked 
|  36|0x0000000082400000, 0x0000000082500000, 0x0000000082500000|100%| O|  |TAMS 0x0000000082400000| PB 0x0000000082400000| Untracked 
|  37|0x0000000082500000, 0x0000000082600000, 0x0000000082600000|100%| O|  |TAMS 0x0000000082500000| PB 0x0000000082500000| Untracked 
|  38|0x0000000082600000, 0x0000000082700000, 0x0000000082700000|100%| O|  |TAMS 0x0000000082600000| PB 0x0000000082600000| Untracked 
|  39|0x0000000082700000, 0x0000000082800000, 0x0000000082800000|100%| S|CS|TAMS 0x0000000082700000| PB 0x0000000082700000| Complete 
|  40|0x0000000082800000, 0x0000000082900000, 0x0000000082900000|100%| S|CS|TAMS 0x0000000082800000| PB 0x0000000082800000| Complete 
|  41|0x0000000082900000, 0x0000000082a00000, 0x0000000082a00000|100%| S|CS|TAMS 0x0000000082900000| PB 0x0000000082900000| Complete 
|  42|0x0000000082a00000, 0x0000000082a00000, 0x0000000082b00000|  0%| F|  |TAMS 0x0000000082a00000| PB 0x0000000082a00000| Untracked 
|  43|0x0000000082b00000, 0x0000000082b00000, 0x0000000082c00000|  0%| F|  |TAMS 0x0000000082b00000| PB 0x0000000082b00000| Untracked 
|  44|0x0000000082c00000, 0x0000000082c00000, 0x0000000082d00000|  0%| F|  |TAMS 0x0000000082c00000| PB 0x0000000082c00000| Untracked 
|  45|0x0000000082d00000, 0x0000000082d00000, 0x0000000082e00000|  0%| F|  |TAMS 0x0000000082d00000| PB 0x0000000082d00000| Untracked 
|  46|0x0000000082e00000, 0x0000000082e00000, 0x0000000082f00000|  0%| F|  |TAMS 0x0000000082e00000| PB 0x0000000082e00000| Untracked 
|  47|0x0000000082f00000, 0x0000000082f00000, 0x0000000083000000|  0%| F|  |TAMS 0x0000000082f00000| PB 0x0000000082f00000| Untracked 
|  48|0x0000000083000000, 0x0000000083000000, 0x0000000083100000|  0%| F|  |TAMS 0x0000000083000000| PB 0x0000000083000000| Untracked 
|  49|0x0000000083100000, 0x0000000083100000, 0x0000000083200000|  0%| F|  |TAMS 0x0000000083100000| PB 0x0000000083100000| Untracked 
|  50|0x0000000083200000, 0x0000000083200000, 0x0000000083300000|  0%| F|  |TAMS 0x0000000083200000| PB 0x0000000083200000| Untracked 
|  51|0x0000000083300000, 0x0000000083300000, 0x0000000083400000|  0%| F|  |TAMS 0x0000000083300000| PB 0x0000000083300000| Untracked 
|  52|0x0000000083400000, 0x0000000083400000, 0x0000000083500000|  0%| F|  |TAMS 0x0000000083400000| PB 0x0000000083400000| Untracked 
|  53|0x0000000083500000, 0x0000000083500000, 0x0000000083600000|  0%| F|  |TAMS 0x0000000083500000| PB 0x0000000083500000| Untracked 
|  54|0x0000000083600000, 0x0000000083600000, 0x0000000083700000|  0%| F|  |TAMS 0x0000000083600000| PB 0x0000000083600000| Untracked 
|  55|0x0000000083700000, 0x0000000083700000, 0x0000000083800000|  0%| F|  |TAMS 0x0000000083700000| PB 0x0000000083700000| Untracked 
|  56|0x0000000083800000, 0x0000000083800000, 0x0000000083900000|  0%| F|  |TAMS 0x0000000083800000| PB 0x0000000083800000| Untracked 
|  57|0x0000000083900000, 0x0000000083900000, 0x0000000083a00000|  0%| F|  |TAMS 0x0000000083900000| PB 0x0000000083900000| Untracked 
|  58|0x0000000083a00000, 0x0000000083a00000, 0x0000000083b00000|  0%| F|  |TAMS 0x0000000083a00000| PB 0x0000000083a00000| Untracked 
|  59|0x0000000083b00000, 0x0000000083b00000, 0x0000000083c00000|  0%| F|  |TAMS 0x0000000083b00000| PB 0x0000000083b00000| Untracked 
|  60|0x0000000083c00000, 0x0000000083c00000, 0x0000000083d00000|  0%| F|  |TAMS 0x0000000083c00000| PB 0x0000000083c00000| Untracked 
|  61|0x0000000083d00000, 0x0000000083d00000, 0x0000000083e00000|  0%| F|  |TAMS 0x0000000083d00000| PB 0x0000000083d00000| Untracked 
|  62|0x0000000083e00000, 0x0000000083e00000, 0x0000000083f00000|  0%| F|  |TAMS 0x0000000083e00000| PB 0x0000000083e00000| Untracked 
|  63|0x0000000083f00000, 0x0000000083f00000, 0x0000000084000000|  0%| F|  |TAMS 0x0000000083f00000| PB 0x0000000083f00000| Untracked 
|  64|0x0000000084000000, 0x0000000084000000, 0x0000000084100000|  0%| F|  |TAMS 0x0000000084000000| PB 0x0000000084000000| Untracked 
|  65|0x0000000084100000, 0x0000000084100000, 0x0000000084200000|  0%| F|  |TAMS 0x0000000084100000| PB 0x0000000084100000| Untracked 
|  66|0x0000000084200000, 0x0000000084280000, 0x0000000084300000| 50%| E|  |TAMS 0x0000000084200000| PB 0x0000000084200000| Complete 
|  67|0x0000000084300000, 0x0000000084400000, 0x0000000084400000|100%| E|CS|TAMS 0x0000000084300000| PB 0x0000000084300000| Complete 
|  68|0x0000000084400000, 0x0000000084500000, 0x0000000084500000|100%| E|CS|TAMS 0x0000000084400000| PB 0x0000000084400000| Complete 
|  69|0x0000000084500000, 0x0000000084600000, 0x0000000084600000|100%| E|CS|TAMS 0x0000000084500000| PB 0x0000000084500000| Complete 
|  70|0x0000000084600000, 0x0000000084700000, 0x0000000084700000|100%| S|CS|TAMS 0x0000000084600000| PB 0x0000000084600000| Complete 
|  71|0x0000000084700000, 0x00000000847bba58, 0x0000000084800000| 73%| S|CS|TAMS 0x0000000084700000| PB 0x0000000084700000| Complete 
| 223|0x000000008df00000, 0x000000008e000000, 0x000000008e000000|100%| E|CS|TAMS 0x000000008df00000| PB 0x000000008df00000| Complete 
| 224|0x000000008e000000, 0x000000008e100000, 0x000000008e100000|100%| E|CS|TAMS 0x000000008e000000| PB 0x000000008e000000| Complete 
| 225|0x000000008e100000, 0x000000008e200000, 0x000000008e200000|100%| E|CS|TAMS 0x000000008e100000| PB 0x000000008e100000| Complete 
| 226|0x000000008e200000, 0x000000008e300000, 0x000000008e300000|100%| E|CS|TAMS 0x000000008e200000| PB 0x000000008e200000| Complete 
| 227|0x000000008e300000, 0x000000008e400000, 0x000000008e400000|100%| E|CS|TAMS 0x000000008e300000| PB 0x000000008e300000| Complete 
| 228|0x000000008e400000, 0x000000008e500000, 0x000000008e500000|100%| E|CS|TAMS 0x000000008e400000| PB 0x000000008e400000| Complete 
| 229|0x000000008e500000, 0x000000008e600000, 0x000000008e600000|100%| E|CS|TAMS 0x000000008e500000| PB 0x000000008e500000| Complete 
| 230|0x000000008e600000, 0x000000008e700000, 0x000000008e700000|100%| E|CS|TAMS 0x000000008e600000| PB 0x000000008e600000| Complete 
| 231|0x000000008e700000, 0x000000008e800000, 0x000000008e800000|100%| E|CS|TAMS 0x000000008e700000| PB 0x000000008e700000| Complete 
| 250|0x000000008fa00000, 0x000000008fb00000, 0x000000008fb00000|100%| E|CS|TAMS 0x000000008fa00000| PB 0x000000008fa00000| Complete 
| 251|0x000000008fb00000, 0x000000008fc00000, 0x000000008fc00000|100%| E|CS|TAMS 0x000000008fb00000| PB 0x000000008fb00000| Complete 
|2045|0x00000000ffd00000, 0x00000000ffd7c5c0, 0x00000000ffe00000| 48%| O|  |TAMS 0x00000000ffd00000| PB 0x00000000ffd00000| Untracked 
|2046|0x00000000ffe00000, 0x00000000fff00000, 0x00000000fff00000|100%| O|  |TAMS 0x00000000ffe00000| PB 0x00000000ffe00000| Untracked 
|2047|0x00000000fff00000, 0x0000000100000000, 0x0000000100000000|100%| O|  |TAMS 0x00000000fff00000| PB 0x00000000fff00000| Untracked 

Card table byte_map: [0x0000023dc7720000,0x0000023dc7b20000] _byte_map_base: 0x0000023dc7320000

Marking Bits: (CMBitMap*) 0x0000023db4cb49a0
 Bits: [0x0000023dc7b20000, 0x0000023dc9b20000)

Polling page: 0x0000023db2ec0000

Metaspace:

Usage:
  Non-class:     41.07 MB used.
      Class:      6.35 MB used.
       Both:     47.42 MB used.

Virtual space:
  Non-class space:       64.00 MB reserved,      41.62 MB ( 65%) committed,  1 nodes.
      Class space:        1.00 GB reserved,       6.88 MB ( <1%) committed,  1 nodes.
             Both:        1.06 GB reserved,      48.50 MB (  4%) committed. 

Chunk freelists:
   Non-Class:  6.27 MB
       Class:  8.99 MB
        Both:  15.25 MB

MaxMetaspaceSize: unlimited
CompressedClassSpaceSize: 1.00 GB
Initial GC threshold: 21.00 MB
Current GC threshold: 58.69 MB
CDS: off
 - commit_granule_bytes: 65536.
 - commit_granule_words: 8192.
 - virtual_space_node_default_size: 8388608.
 - enlarge_chunks_in_place: 1.
 - use_allocation_guard: 0.


Internal statistics:

num_allocs_failed_limit: 6.
num_arena_births: 2018.
num_arena_deaths: 0.
num_vsnodes_births: 2.
num_vsnodes_deaths: 0.
num_space_committed: 776.
num_space_uncommitted: 0.
num_chunks_returned_to_freelist: 6.
num_chunks_taken_from_freelist: 3703.
num_chunk_merges: 6.
num_chunk_splits: 2421.
num_chunks_enlarged: 1526.
num_inconsistent_stats: 0.

CodeHeap 'non-profiled nmethods': size=120000Kb used=2229Kb max_used=2229Kb free=117770Kb
 bounds [0x0000023dbf880000, 0x0000023dbfaf0000, 0x0000023dc6db0000]
CodeHeap 'profiled nmethods': size=120000Kb used=8076Kb max_used=8076Kb free=111924Kb
 bounds [0x0000023db7db0000, 0x0000023db85a0000, 0x0000023dbf2e0000]
CodeHeap 'non-nmethods': size=5760Kb used=2663Kb max_used=2694Kb free=3096Kb
 bounds [0x0000023dbf2e0000, 0x0000023dbf590000, 0x0000023dbf880000]
 total_blobs=4903 nmethods=4079 adapters=727
 compilation: enabled
              stopped_count=0, restarted_count=0
 full_count=0

Compilation events (20 events):
Event: 6.872 Thread 0x0000023dcc90c2b0 4498       3       org.gradle.model.internal.asm.MethodVisitorScope::emit (11 bytes)
Event: 6.873 Thread 0x0000023dcc90c2b0 nmethod 4498 0x0000023db8588910 code [0x0000023db8588ac0, 0x0000023db8588c98]
Event: 6.873 Thread 0x0000023dcc90c2b0 4499       3       org.gradle.model.internal.asm.MethodVisitorScope::_INVOKEVIRTUAL (12 bytes)
Event: 6.873 Thread 0x0000023dcc90c2b0 nmethod 4499 0x0000023db8588d90 code [0x0000023db8588f40, 0x0000023db85890a8]
Event: 6.951 Thread 0x0000023dcc90c2b0 4501       1       org.slf4j.impl.StaticLoggerBinder::getLoggerFactory (5 bytes)
Event: 6.963 Thread 0x0000023dcc90c2b0 nmethod 4501 0x0000023dbfaac310 code [0x0000023dbfaac4a0, 0x0000023dbfaac568]
Event: 6.981 Thread 0x0000023dcc90c2b0 4502       3       org.gradle.internal.service.DefaultServiceRegistry$ConstructorService::getConstructor (46 bytes)
Event: 6.981 Thread 0x0000023dcc90c2b0 nmethod 4502 0x0000023db8589190 code [0x0000023db85893e0, 0x0000023db8589a80]
Event: 6.982 Thread 0x0000023dcc90c2b0 4503       3       java.lang.reflect.ProxyGenerator::checkReturnTypes (288 bytes)
Event: 7.010 Thread 0x0000023dcc90c2b0 nmethod 4503 0x0000023db8589d90 code [0x0000023db858a2a0, 0x0000023db858c740]
Event: 7.045 Thread 0x0000023dcc90c2b0 4504       3       com.google.common.collect.ImmutableList$Builder::addAll (70 bytes)
Event: 7.045 Thread 0x0000023dcc90c2b0 nmethod 4504 0x0000023db858d410 code [0x0000023db858d6a0, 0x0000023db858e330]
Event: 7.129 Thread 0x0000023dcc90c2b0 4505       3       sun.invoke.util.VerifyAccess$1::<init> (15 bytes)
Event: 7.129 Thread 0x0000023dcc90c2b0 nmethod 4505 0x0000023db858e690 code [0x0000023db858e840, 0x0000023db858ea60]
Event: 7.129 Thread 0x0000023dcc90c2b0 4506       3       sun.invoke.util.VerifyAccess$1::run (5 bytes)
Event: 7.129 Thread 0x0000023dcc90c2b0 nmethod 4506 0x0000023db858eb10 code [0x0000023db858ecc0, 0x0000023db858eed0]
Event: 7.182 Thread 0x0000023dcc90c2b0 4507       2       java.lang.String::split (148 bytes)
Event: 7.183 Thread 0x0000023dcc90c2b0 nmethod 4507 0x0000023db858f010 code [0x0000023db858f240, 0x0000023db858f8e0]
Event: 7.367 Thread 0x0000023dcc90c2b0 4509       3       java.util.concurrent.locks.AbstractQueuedSynchronizer$Node::setStatusRelaxed (12 bytes)
Event: 8.251 Thread 0x0000023dcc90c2b0 nmethod 4509 0x0000023db858fd90 code [0x0000023db858ff20, 0x0000023db8590038]

GC Heap History (18 events):
Event: 0.485 GC heap before
{Heap before GC invocations=0 (full 0):
 garbage-first heap   total 258048K, used 22528K [0x0000000080000000, 0x0000000100000000)
  region size 1024K, 23 young (23552K), 0 survivors (0K)
 Metaspace       used 8086K, committed 8192K, reserved 1114112K
  class space    used 731K, committed 768K, reserved 1048576K
}
Event: 0.487 GC heap after
{Heap after GC invocations=1 (full 0):
 garbage-first heap   total 258048K, used 2367K [0x0000000080000000, 0x0000000100000000)
  region size 1024K, 3 young (3072K), 3 survivors (3072K)
 Metaspace       used 8086K, committed 8192K, reserved 1114112K
  class space    used 731K, committed 768K, reserved 1048576K
}
Event: 0.950 GC heap before
{Heap before GC invocations=1 (full 0):
 garbage-first heap   total 258048K, used 41279K [0x0000000080000000, 0x0000000100000000)
  region size 1024K, 39 young (39936K), 3 survivors (3072K)
 Metaspace       used 12337K, committed 12544K, reserved 1114112K
  class space    used 1320K, committed 1408K, reserved 1048576K
}
Event: 0.955 GC heap after
{Heap after GC invocations=2 (full 0):
 garbage-first heap   total 258048K, used 10616K [0x0000000080000000, 0x0000000100000000)
  region size 1024K, 5 young (5120K), 5 survivors (5120K)
 Metaspace       used 12337K, committed 12544K, reserved 1114112K
  class space    used 1320K, committed 1408K, reserved 1048576K
}
Event: 1.781 GC heap before
{Heap before GC invocations=2 (full 0):
 garbage-first heap   total 258048K, used 64888K [0x0000000080000000, 0x0000000100000000)
  region size 1024K, 56 young (57344K), 5 survivors (5120K)
 Metaspace       used 16402K, committed 16704K, reserved 1114112K
  class space    used 1860K, committed 1984K, reserved 1048576K
}
Event: 1.788 GC heap after
{Heap after GC invocations=3 (full 0):
 garbage-first heap   total 258048K, used 17926K [0x0000000080000000, 0x0000000100000000)
  region size 1024K, 6 young (6144K), 6 survivors (6144K)
 Metaspace       used 16402K, committed 16704K, reserved 1114112K
  class space    used 1860K, committed 1984K, reserved 1048576K
}
Event: 2.301 GC heap before
{Heap before GC invocations=3 (full 0):
 garbage-first heap   total 258048K, used 37382K [0x0000000080000000, 0x0000000100000000)
  region size 1024K, 26 young (26624K), 6 survivors (6144K)
 Metaspace       used 21256K, committed 21504K, reserved 1114112K
  class space    used 2495K, committed 2624K, reserved 1048576K
}
Event: 2.313 GC heap after
{Heap after GC invocations=4 (full 0):
 garbage-first heap   total 258048K, used 20119K [0x0000000080000000, 0x0000000100000000)
  region size 1024K, 9 young (9216K), 9 survivors (9216K)
 Metaspace       used 21256K, committed 21504K, reserved 1114112K
  class space    used 2495K, committed 2624K, reserved 1048576K
}
Event: 3.389 GC heap before
{Heap before GC invocations=5 (full 0):
 garbage-first heap   total 71680K, used 69271K [0x0000000080000000, 0x0000000100000000)
  region size 1024K, 58 young (59392K), 9 survivors (9216K)
 Metaspace       used 29270K, committed 29824K, reserved 1114112K
  class space    used 3778K, committed 4032K, reserved 1048576K
}
Event: 3.396 GC heap after
{Heap after GC invocations=6 (full 0):
 garbage-first heap   total 82944K, used 23002K [0x0000000080000000, 0x0000000100000000)
  region size 1024K, 11 young (11264K), 11 survivors (11264K)
 Metaspace       used 29270K, committed 29824K, reserved 1114112K
  class space    used 3778K, committed 4032K, reserved 1048576K
}
Event: 4.415 GC heap before
{Heap before GC invocations=6 (full 0):
 garbage-first heap   total 82944K, used 59866K [0x0000000080000000, 0x0000000100000000)
  region size 1024K, 48 young (49152K), 11 survivors (11264K)
 Metaspace       used 34004K, committed 34816K, reserved 1114112K
  class space    used 4604K, committed 4992K, reserved 1048576K
}
Event: 4.422 GC heap after
{Heap after GC invocations=7 (full 0):
 garbage-first heap   total 82944K, used 25310K [0x0000000080000000, 0x0000000100000000)
  region size 1024K, 6 young (6144K), 6 survivors (6144K)
 Metaspace       used 34004K, committed 34816K, reserved 1114112K
  class space    used 4604K, committed 4992K, reserved 1048576K
}
Event: 4.648 GC heap before
{Heap before GC invocations=7 (full 0):
 garbage-first heap   total 82944K, used 32478K [0x0000000080000000, 0x0000000100000000)
  region size 1024K, 14 young (14336K), 6 survivors (6144K)
 Metaspace       used 35203K, committed 35968K, reserved 1114112K
  class space    used 4780K, committed 5120K, reserved 1048576K
}
Event: 4.652 GC heap after
{Heap after GC invocations=8 (full 0):
 garbage-first heap   total 82944K, used 25713K [0x0000000080000000, 0x0000000100000000)
  region size 1024K, 4 young (4096K), 4 survivors (4096K)
 Metaspace       used 35203K, committed 35968K, reserved 1114112K
  class space    used 4780K, committed 5120K, reserved 1048576K
}
Event: 5.598 GC heap before
{Heap before GC invocations=9 (full 0):
 garbage-first heap   total 82944K, used 69745K [0x0000000080000000, 0x0000000100000000)
  region size 1024K, 48 young (49152K), 4 survivors (4096K)
 Metaspace       used 43762K, committed 44672K, reserved 1114112K
  class space    used 5869K, committed 6272K, reserved 1048576K
}
Event: 5.603 GC heap after
{Heap after GC invocations=10 (full 0):
 garbage-first heap   total 82944K, used 30168K [0x0000000080000000, 0x0000000100000000)
  region size 1024K, 6 young (6144K), 6 survivors (6144K)
 Metaspace       used 43762K, committed 44672K, reserved 1114112K
  class space    used 5869K, committed 6272K, reserved 1048576K
}
Event: 6.148 GC heap before
{Heap before GC invocations=10 (full 0):
 garbage-first heap   total 82944K, used 74200K [0x0000000080000000, 0x0000000100000000)
  region size 1024K, 45 young (46080K), 6 survivors (6144K)
 Metaspace       used 46996K, committed 48000K, reserved 1114112K
  class space    used 6229K, committed 6720K, reserved 1048576K
}
Event: 6.204 GC heap after
{Heap after GC invocations=11 (full 0):
 garbage-first heap   total 88064K, used 35040K [0x0000000080000000, 0x0000000100000000)
  region size 1024K, 5 young (5120K), 5 survivors (5120K)
 Metaspace       used 46996K, committed 48000K, reserved 1114112K
  class space    used 6229K, committed 6720K, reserved 1048576K
}

Dll operation events (3 events):
Event: 0.012 Loaded shared library C:\Program Files\Android\Android Studio\jbr\bin\java.dll
Event: 0.016 Loaded shared library C:\Program Files\Android\Android Studio\jbr\bin\zip.dll
Event: 0.554 Loaded shared library C:\Program Files\Android\Android Studio\jbr\bin\verify.dll

Deoptimization events (20 events):
Event: 5.984 Thread 0x0000023dccbbb200 Uncommon trap: trap_request=0xffffff45 fr.pc=0x0000023dbf99e95c relative=0x000000000000029c
Event: 5.984 Thread 0x0000023dccbbb200 Uncommon trap: reason=unstable_if action=reinterpret pc=0x0000023dbf99e95c method=java.lang.String.regionMatches(ZILjava/lang/String;II)Z @ 36 c2
Event: 5.984 Thread 0x0000023dccbbb200 DEOPT PACKING pc=0x0000023dbf99e95c sp=0x0000005b906fa2e0
Event: 5.984 Thread 0x0000023dccbbb200 DEOPT UNPACKING pc=0x0000023dbf3346a2 sp=0x0000005b906fa248 mode 2
Event: 6.381 Thread 0x0000023dccbbb200 Uncommon trap: trap_request=0xffffffde fr.pc=0x0000023dbfa683e0 relative=0x0000000000002620
Event: 6.381 Thread 0x0000023dccbbb200 Uncommon trap: reason=class_check action=maybe_recompile pc=0x0000023dbfa683e0 method=java.util.regex.Pattern$CharProperty.study(Ljava/util/regex/Pattern$TreeInfo;)Z @ 25 c2
Event: 6.381 Thread 0x0000023dccbbb200 DEOPT PACKING pc=0x0000023dbfa683e0 sp=0x0000005b906f6c10
Event: 6.381 Thread 0x0000023dccbbb200 DEOPT UNPACKING pc=0x0000023dbf3346a2 sp=0x0000005b906f6b08 mode 2
Event: 6.715 Thread 0x0000023dccbbbf20 Uncommon trap: trap_request=0xffffffde fr.pc=0x0000023dbfa69c60 relative=0x00000000000000c0
Event: 6.715 Thread 0x0000023dccbbbf20 Uncommon trap: reason=class_check action=maybe_recompile pc=0x0000023dbfa69c60 method=java.util.stream.ReferencePipeline.forEachWithCancel(Ljava/util/Spliterator;Ljava/util/stream/Sink;)Z @ 1 c2
Event: 6.715 Thread 0x0000023dccbbbf20 DEOPT PACKING pc=0x0000023dbfa69c60 sp=0x0000005b8fefea90
Event: 6.715 Thread 0x0000023dccbbbf20 DEOPT UNPACKING pc=0x0000023dbf3346a2 sp=0x0000005b8fefea10 mode 2
Event: 7.181 Thread 0x0000023dccbbb200 Uncommon trap: trap_request=0xffffffcc fr.pc=0x0000023dbfa81ab4 relative=0x00000000000046b4
Event: 7.181 Thread 0x0000023dccbbb200 Uncommon trap: reason=intrinsic_or_type_checked_inlining action=make_not_entrant pc=0x0000023dbfa81ab4 method=java.util.ArrayList$SubList.toArray([Ljava/lang/Object;)[Ljava/lang/Object; @ 58 c2
Event: 7.181 Thread 0x0000023dccbbb200 DEOPT PACKING pc=0x0000023dbfa81ab4 sp=0x0000005b906f77c0
Event: 7.181 Thread 0x0000023dccbbb200 DEOPT UNPACKING pc=0x0000023dbf3346a2 sp=0x0000005b906f7670 mode 2
Event: 7.711 Thread 0x0000023dccbbbf20 Uncommon trap: trap_request=0xffffffde fr.pc=0x0000023dbfa69c60 relative=0x00000000000000c0
Event: 7.711 Thread 0x0000023dccbbbf20 Uncommon trap: reason=class_check action=maybe_recompile pc=0x0000023dbfa69c60 method=java.util.stream.ReferencePipeline.forEachWithCancel(Ljava/util/Spliterator;Ljava/util/stream/Sink;)Z @ 1 c2
Event: 7.711 Thread 0x0000023dccbbbf20 DEOPT PACKING pc=0x0000023dbfa69c60 sp=0x0000005b8fefea90
Event: 7.711 Thread 0x0000023dccbbbf20 DEOPT UNPACKING pc=0x0000023dbf3346a2 sp=0x0000005b8fefea10 mode 2

Classes loaded (20 events):
Event: 5.941 Loading class com/sun/beans/finder/MethodFinder
Event: 5.941 Loading class com/sun/beans/finder/AbstractFinder
Event: 5.941 Loading class com/sun/beans/finder/AbstractFinder done
Event: 5.941 Loading class com/sun/beans/finder/MethodFinder done
Event: 5.941 Loading class com/sun/beans/finder/MethodFinder$1
Event: 5.941 Loading class com/sun/beans/finder/MethodFinder$1 done
Event: 5.941 Loading class com/sun/beans/finder/FinderUtils
Event: 5.941 Loading class com/sun/beans/finder/FinderUtils done
Event: 5.942 Loading class java/lang/invoke/BoundMethodHandle$Species_LJ
Event: 5.942 Loading class java/lang/invoke/BoundMethodHandle$Species_LJ done
Event: 6.018 Loading class java/util/function/IntBinaryOperator
Event: 6.019 Loading class java/util/function/IntBinaryOperator done
Event: 6.130 Loading class java/lang/invoke/SerializedLambda
Event: 6.131 Loading class java/lang/invoke/SerializedLambda done
Event: 6.208 Loading class java/lang/SafeVarargs
Event: 6.209 Loading class java/lang/SafeVarargs done
Event: 6.381 Loading class java/util/regex/Pattern$GroupCurly
Event: 6.381 Loading class java/util/regex/Pattern$GroupCurly done
Event: 6.686 Loading class jdk/internal/reflect/MethodHandleIntegerFieldAccessorImpl
Event: 6.686 Loading class jdk/internal/reflect/MethodHandleIntegerFieldAccessorImpl done

Classes unloaded (0 events):
No events

Classes redefined (0 events):
No events

Internal exceptions (20 events):
Event: 5.859 Thread 0x0000023dccbbb200 Exception <a 'java/lang/ClassNotFoundException'{0x000000008373df48}: org/gradle/invocation/DefaultGradle_DecoratedCustomizer> (0x000000008373df48) 
thrown [s\src\hotspot\share\classfile\systemDictionary.cpp, line 312]
Event: 5.936 Thread 0x0000023dccbbb200 Exception <a 'java/lang/ClassNotFoundException'{0x00000000834f6980}: groovy/lang/Closure$1BeanInfo> (0x00000000834f6980) 
thrown [s\src\hotspot\share\classfile\systemDictionary.cpp, line 312]
Event: 5.936 Thread 0x0000023dccbbb200 Exception <a 'java/lang/ClassNotFoundException'{0x0000000083303d48}: groovy/lang/ClosureBeanInfo> (0x0000000083303d48) 
thrown [s\src\hotspot\share\classfile\systemDictionary.cpp, line 312]
Event: 5.937 Thread 0x0000023dccbbb200 Exception <a 'java/lang/ClassNotFoundException'{0x0000000083310d78}: groovy/lang/ClosureCustomizer> (0x0000000083310d78) 
thrown [s\src\hotspot\share\classfile\systemDictionary.cpp, line 312]
Event: 5.940 Thread 0x0000023dccbbb200 Exception <a 'java/lang/ClassNotFoundException'{0x0000000083341d68}: groovy/lang/Closure$1Customizer> (0x0000000083341d68) 
thrown [s\src\hotspot\share\classfile\systemDictionary.cpp, line 312]
Event: 5.991 Thread 0x0000023dccbbb200 Exception <a 'java/lang/ClassNotFoundException'{0x00000000832fb630}: ijJvmDebugger1_52wo9ijru7fxb2ikuo7iwfxr9BeanInfo> (0x00000000832fb630) 
thrown [s\src\hotspot\share\classfile\systemDictionary.cpp, line 312]
Event: 5.992 Thread 0x0000023dccbbb200 Exception <a 'java/lang/ClassNotFoundException'{0x0000000083101918}: ijJvmDebugger1_52wo9ijru7fxb2ikuo7iwfxr9Customizer> (0x0000000083101918) 
thrown [s\src\hotspot\share\classfile\systemDictionary.cpp, line 312]
Event: 6.002 Thread 0x0000023dccbbb200 Exception <a 'java/lang/ClassNotFoundException'{0x0000000083152750}: org/gradle/internal/metaobject/ConfigureDelegateBeanInfo> (0x0000000083152750) 
thrown [s\src\hotspot\share\classfile\systemDictionary.cpp, line 312]
Event: 6.003 Thread 0x0000023dccbbb200 Exception <a 'java/lang/ClassNotFoundException'{0x000000008315ff90}: org/gradle/internal/metaobject/ConfigureDelegateCustomizer> (0x000000008315ff90) 
thrown [s\src\hotspot\share\classfile\systemDictionary.cpp, line 312]
Event: 6.030 Thread 0x0000023dccbbb200 Exception <a 'java/lang/ClassNotFoundException'{0x0000000083059a88}: org/gradle/api/internal/initialization/DefaultScriptHandler_DecoratedBeanInfo> (0x0000000083059a88) 
thrown [s\src\hotspot\share\classfile\systemDictionary.cpp, line 312]
Event: 6.031 Thread 0x0000023dccbbb200 Exception <a 'java/lang/ClassNotFoundException'{0x0000000083069048}: org/gradle/api/internal/initialization/DefaultScriptHandlerBeanInfo> (0x0000000083069048) 
thrown [s\src\hotspot\share\classfile\systemDictionary.cpp, line 312]
Event: 6.031 Thread 0x0000023dccbbb200 Exception <a 'java/lang/ClassNotFoundException'{0x0000000083078888}: org/gradle/api/internal/initialization/DefaultScriptHandlerCustomizer> (0x0000000083078888) 
thrown [s\src\hotspot\share\classfile\systemDictionary.cpp, line 312]
Event: 6.032 Thread 0x0000023dccbbb200 Exception <a 'java/lang/ClassNotFoundException'{0x0000000083094790}: org/gradle/api/internal/initialization/DefaultScriptHandler_DecoratedCustomizer> (0x0000000083094790) 
thrown [s\src\hotspot\share\classfile\systemDictionary.cpp, line 312]
Event: 6.654 Thread 0x0000023dccbbb200 Exception <a 'java/lang/NoSuchMethodError'{0x000000008e3d67d8}: 'java.lang.Object java.lang.invoke.DirectMethodHandle$Holder.newInvokeSpecial(java.lang.Object, java.lang.Object, int, int)'> (0x000000008e3d67d8) 
thrown [s\src\hotspot\share\interpreter\linkResolver.cpp, line 784]
Event: 6.655 Thread 0x0000023dccbbb200 Exception <a 'java/lang/NoSuchMethodError'{0x000000008e3dba68}: 'java.lang.Object java.lang.invoke.DirectMethodHandle$Holder.invokeSpecial(java.lang.Object, java.lang.Object, java.lang.Object, int, int)'> (0x000000008e3dba68) 
thrown [s\src\hotspot\share\interpreter\linkResolver.cpp, line 784]
Event: 6.686 Thread 0x0000023dccbbb200 Exception <a 'java/lang/NoSuchMethodError'{0x000000008e215d38}: 'void java.lang.invoke.DirectMethodHandle$Holder.invokeSpecial(java.lang.Object, java.lang.Object, int)'> (0x000000008e215d38) 
thrown [s\src\hotspot\share\interpreter\linkResolver.cpp, line 784]
Event: 6.687 Thread 0x0000023dccbbb200 Exception <a 'java/lang/NoSuchMethodError'{0x000000008e21a588}: 'void java.lang.invoke.Invokers$Holder.invokeExact_MT(java.lang.Object, int, java.lang.Object)'> (0x000000008e21a588) 
thrown [s\src\hotspot\share\interpreter\linkResolver.cpp, line 784]
Event: 6.877 Thread 0x0000023dccbbb200 Exception <a 'java/lang/NoSuchMethodError'{0x000000008e0541e0}: 'java.lang.Object java.lang.invoke.DirectMethodHandle$Holder.newInvokeSpecial(java.lang.Object, java.lang.Object, java.lang.Object, java.lang.Object, java.lang.Object, java.lang.Object, java.lang.Object, java.lang.Object, java.lang.Object, java.lang.Object, java.lang.Object)'> (0x000000008e0541e0) 
thrown [s\src\hotspot\share\interpreter\linkResolver.cpp, line 784]
Event: 7.218 Thread 0x0000023dccbbb200 Exception <a 'java/lang/NoSuchMethodError'{0x000000008441d910}: 'java.lang.Object java.lang.invoke.DirectMethodHandle$Holder.newInvokeSpecial(java.lang.Object, java.lang.Object, java.lang.Object, java.lang.Object, java.lang.Object, java.lang.Object, java.lang.Object, java.lang.Object, java.lang.Object, java.lang.Object, java.lang.Object, java.lang.Object)'> (0x000000008441d910) 
thrown [s\src\hotspot\share\interpreter\linkResolver.cpp, line 784]
Event: 7.219 Thread 0x0000023dccbbb200 Exception <a 'java/lang/NoSuchMethodError'{0x00000000844230d0}: 'java.lang.Object java.lang.invoke.Invokers$Holder.linkToTargetMethod(java.lang.Object, java.lang.Object, java.lang.Object, java.lang.Object, java.lang.Object, java.lang.Object, java.lang.Object, java.lang.Object, java.lang.Object, java.lang.Object, java.lang.Object, java.lang.Object)'> (0x00000000844230d0) 
thrown [s\src\hotspot\share\interpreter\linkResolver.cpp, line 784]

ZGC Phase Switch (0 events):
No events

VM Operations (20 events):
Event: 5.274 Executing VM operation: ICBufferFull done
Event: 5.301 Executing VM operation: HandshakeAllThreads (Deoptimize)
Event: 5.301 Executing VM operation: HandshakeAllThreads (Deoptimize) done
Event: 5.375 Executing VM operation: HandshakeAllThreads (Deoptimize)
Event: 5.375 Executing VM operation: HandshakeAllThreads (Deoptimize) done
Event: 5.502 Executing VM operation: HandshakeAllThreads (Deoptimize)
Event: 5.502 Executing VM operation: HandshakeAllThreads (Deoptimize) done
Event: 5.575 Executing VM operation: HandshakeAllThreads (Deoptimize)
Event: 5.575 Executing VM operation: HandshakeAllThreads (Deoptimize) done
Event: 5.598 Executing VM operation: G1CollectForAllocation (G1 Evacuation Pause)
Event: 5.603 Executing VM operation: G1CollectForAllocation (G1 Evacuation Pause) done
Event: 5.960 Executing VM operation: ICBufferFull
Event: 5.960 Executing VM operation: ICBufferFull done
Event: 6.143 Executing VM operation: HandshakeAllThreads (Deoptimize)
Event: 6.143 Executing VM operation: HandshakeAllThreads (Deoptimize) done
Event: 6.148 Executing VM operation: G1CollectForAllocation (G1 Evacuation Pause)
Event: 6.204 Executing VM operation: G1CollectForAllocation (G1 Evacuation Pause) done
Event: 7.211 Executing VM operation: Cleanup
Event: 7.212 Executing VM operation: Cleanup done
Event: 8.220 Executing VM operation: Cleanup

Memory protections (0 events):
No events

Nmethod flushes (20 events):
Event: 4.662 Thread 0x0000023dcc7b98f0 flushing  nmethod 0x0000023db7ebf090
Event: 4.662 Thread 0x0000023dcc7b98f0 flushing  nmethod 0x0000023db7ec5190
Event: 4.662 Thread 0x0000023dcc7b98f0 flushing  nmethod 0x0000023db7ec7d10
Event: 4.662 Thread 0x0000023dcc7b98f0 flushing  nmethod 0x0000023db7f67610
Event: 4.662 Thread 0x0000023dcc7b98f0 flushing  nmethod 0x0000023db7f6ec90
Event: 4.662 Thread 0x0000023dcc7b98f0 flushing  nmethod 0x0000023db7f70e90
Event: 4.662 Thread 0x0000023dcc7b98f0 flushing  nmethod 0x0000023db7fa9f10
Event: 4.662 Thread 0x0000023dcc7b98f0 flushing  nmethod 0x0000023db7fac790
Event: 4.662 Thread 0x0000023dcc7b98f0 flushing  nmethod 0x0000023db7facb90
Event: 4.662 Thread 0x0000023dcc7b98f0 flushing  nmethod 0x0000023db7ff6d90
Event: 4.662 Thread 0x0000023dcc7b98f0 flushing  nmethod 0x0000023db80fc290
Event: 4.662 Thread 0x0000023dcc7b98f0 flushing  nmethod 0x0000023db8138890
Event: 4.662 Thread 0x0000023dcc7b98f0 flushing  nmethod 0x0000023db8139010
Event: 4.662 Thread 0x0000023dcc7b98f0 flushing  nmethod 0x0000023db8139d10
Event: 4.662 Thread 0x0000023dcc7b98f0 flushing  nmethod 0x0000023db81ea090
Event: 4.662 Thread 0x0000023dcc7b98f0 flushing  nmethod 0x0000023db81edf10
Event: 4.662 Thread 0x0000023dcc7b98f0 flushing  nmethod 0x0000023db81ee610
Event: 4.662 Thread 0x0000023dcc7b98f0 flushing  nmethod 0x0000023db81eef10
Event: 4.662 Thread 0x0000023dcc7b98f0 flushing  nmethod 0x0000023db8219890
Event: 4.662 Thread 0x0000023dcc7b98f0 flushing  nmethod 0x0000023db821c710

Events (20 events):
Event: 2.247 Thread 0x0000023dccbbb200 Thread added: 0x0000023dd2ace720
Event: 2.615 Thread 0x0000023dd10213d0 Thread exited: 0x0000023dd10213d0
Event: 2.676 Thread 0x0000023dccbbb200 Thread added: 0x0000023dd2ad07f0
Event: 2.690 Thread 0x0000023dccbbb200 Thread added: 0x0000023dd2acedb0
Event: 2.731 Thread 0x0000023dccbbb200 Thread added: 0x0000023dd2ad1510
Event: 2.798 Thread 0x0000023dcc90c2b0 Thread added: 0x0000023dd2e94ab0
Event: 3.514 Thread 0x0000023dd2e94ab0 Thread exited: 0x0000023dd2e94ab0
Event: 4.050 Thread 0x0000023dcc90c2b0 Thread added: 0x0000023dd2e921d0
Event: 4.131 Thread 0x0000023dccbbb200 Thread added: 0x0000023dd2ad1ba0
Event: 4.147 Thread 0x0000023dccbbb200 Thread added: 0x0000023dd2ad35e0
Event: 4.482 Thread 0x0000023dccbbb200 Thread added: 0x0000023dd2ad4300
Event: 4.490 Thread 0x0000023dccbbb200 Thread added: 0x0000023dd2ad3c70
Event: 4.632 Thread 0x0000023dd2e921d0 Thread exited: 0x0000023dd2e921d0
Event: 4.930 Thread 0x0000023dccbbb200 Thread added: 0x0000023dd2ad0e80
Event: 4.980 Thread 0x0000023dccbbb200 Thread added: 0x0000023dd2ad5020
Event: 5.046 Thread 0x0000023dcc90c2b0 Thread added: 0x0000023dd2e94ab0
Event: 5.187 Thread 0x0000023dcc90c2b0 Thread added: 0x0000023dd2e93640
Event: 5.749 Thread 0x0000023dccbbb200 Thread added: 0x0000023dd2ad28c0
Event: 5.784 Thread 0x0000023dccbbb200 Thread added: 0x0000023dd2ad2230
Event: 5.979 Thread 0x0000023dccbbb200 Thread added: 0x0000023dd2ad2f50


Dynamic libraries:
0x00007ff7c8390000 - 0x00007ff7c839a000 	C:\Program Files\Android\Android Studio\jbr\bin\java.exe
0x00007ffad96e0000 - 0x00007ffad9948000 	C:\WINDOWS\SYSTEM32\ntdll.dll
0x00007ffad7700000 - 0x00007ffad77c9000 	C:\WINDOWS\System32\KERNEL32.DLL
0x00007ffad6830000 - 0x00007ffad6c21000 	C:\WINDOWS\System32\KERNELBASE.dll
0x00007ffad7110000 - 0x00007ffad725b000 	C:\WINDOWS\System32\ucrtbase.dll
0x00007ffa9a6e0000 - 0x00007ffa9a6f8000 	C:\Program Files\Android\Android Studio\jbr\bin\jli.dll
0x00007ffaceca0000 - 0x00007ffacecbb000 	C:\Program Files\Android\Android Studio\jbr\bin\VCRUNTIME140.dll
0x00007ffad94d0000 - 0x00007ffad9696000 	C:\WINDOWS\System32\USER32.dll
0x00007ffad6c30000 - 0x00007ffad6c57000 	C:\WINDOWS\System32\win32u.dll
0x00007ffabb9b0000 - 0x00007ffabbc43000 	C:\WINDOWS\WinSxS\amd64_microsoft.windows.common-controls_6595b64144ccf1df_6.0.26100.7824_none_3e0870b2e3345462\COMCTL32.dll
0x00007ffad7480000 - 0x00007ffad74ab000 	C:\WINDOWS\System32\GDI32.dll
0x00007ffad6cf0000 - 0x00007ffad6e1b000 	C:\WINDOWS\System32\gdi32full.dll
0x00007ffad9360000 - 0x00007ffad9409000 	C:\WINDOWS\System32\msvcrt.dll
0x00007ffad7260000 - 0x00007ffad7303000 	C:\WINDOWS\System32\msvcp_win.dll
0x00007ffad8ff0000 - 0x00007ffad9021000 	C:\WINDOWS\System32\IMM32.DLL
0x00007ffacedb0000 - 0x00007ffacedbc000 	C:\Program Files\Android\Android Studio\jbr\bin\vcruntime140_1.dll
0x00007ffa48490000 - 0x00007ffa4851d000 	C:\Program Files\Android\Android Studio\jbr\bin\msvcp140.dll
0x00007ffa445c0000 - 0x00007ffa4524e000 	C:\Program Files\Android\Android Studio\jbr\bin\server\jvm.dll
0x00007ffad9410000 - 0x00007ffad94c4000 	C:\WINDOWS\System32\ADVAPI32.dll
0x00007ffad8ef0000 - 0x00007ffad8f96000 	C:\WINDOWS\System32\sechost.dll
0x00007ffad7570000 - 0x00007ffad7688000 	C:\WINDOWS\System32\RPCRT4.dll
0x00007ffad9030000 - 0x00007ffad90a4000 	C:\WINDOWS\System32\WS2_32.dll
0x00007ffad5e40000 - 0x00007ffad5e9e000 	C:\WINDOWS\SYSTEM32\POWRPROF.dll
0x00007ffac96c0000 - 0x00007ffac96f5000 	C:\WINDOWS\SYSTEM32\WINMM.dll
0x00007ffac8cd0000 - 0x00007ffac8cdb000 	C:\WINDOWS\SYSTEM32\VERSION.dll
0x00007ffad5e20000 - 0x00007ffad5e34000 	C:\WINDOWS\SYSTEM32\UMPDC.dll
0x00007ffad4d60000 - 0x00007ffad4d7b000 	C:\WINDOWS\SYSTEM32\kernel.appcore.dll
0x00007ffacc110000 - 0x00007ffacc11a000 	C:\Program Files\Android\Android Studio\jbr\bin\jimage.dll
0x00007ffad40b0000 - 0x00007ffad42f2000 	C:\WINDOWS\SYSTEM32\DBGHELP.DLL
0x00007ffad7ce0000 - 0x00007ffad8066000 	C:\WINDOWS\System32\combase.dll
0x00007ffad7bf0000 - 0x00007ffad7cc7000 	C:\WINDOWS\System32\OLEAUT32.dll
0x00007ffabb970000 - 0x00007ffabb9ab000 	C:\WINDOWS\SYSTEM32\dbgcore.DLL
0x00007ffad7060000 - 0x00007ffad7105000 	C:\WINDOWS\System32\bcryptPrimitives.dll
0x00007ffab0ea0000 - 0x00007ffab0eae000 	C:\Program Files\Android\Android Studio\jbr\bin\instrument.dll
0x00007ffacc0f0000 - 0x00007ffacc110000 	C:\Program Files\Android\Android Studio\jbr\bin\java.dll
0x00007ffac2750000 - 0x00007ffac2768000 	C:\Program Files\Android\Android Studio\jbr\bin\zip.dll
0x00007ffad8770000 - 0x00007ffad8ec2000 	C:\WINDOWS\System32\SHELL32.dll
0x00007ffad7310000 - 0x00007ffad747a000 	C:\WINDOWS\System32\wintypes.dll
0x00007ffad5fc0000 - 0x00007ffad6823000 	C:\WINDOWS\System32\windows.storage.dll
0x00007ffad8070000 - 0x00007ffad8166000 	C:\WINDOWS\System32\SHCORE.dll
0x00007ffad7690000 - 0x00007ffad76f7000 	C:\WINDOWS\System32\shlwapi.dll
0x00007ffad5ee0000 - 0x00007ffad5f09000 	C:\WINDOWS\SYSTEM32\profapi.dll
0x00007ffac2740000 - 0x00007ffac2750000 	C:\Program Files\Android\Android Studio\jbr\bin\net.dll
0x00007ffaccab0000 - 0x00007ffaccbd7000 	C:\WINDOWS\SYSTEM32\WINHTTP.dll
0x00007ffad52d0000 - 0x00007ffad533b000 	C:\WINDOWS\system32\mswsock.dll
0x00007ffabd4b0000 - 0x00007ffabd4c6000 	C:\Program Files\Android\Android Studio\jbr\bin\nio.dll
0x00007ffabcc80000 - 0x00007ffabcc90000 	C:\Program Files\Android\Android Studio\jbr\bin\verify.dll
0x00007ffa94fb0000 - 0x00007ffa94fd7000 	C:\Users\walli\.gradle\native\1def1411415f61bf3af743bc5b6707747c0891f09f0c88961ee8f79bc544acac\windows-amd64\native-platform.dll
0x00007ffac2590000 - 0x00007ffac2608000 	C:\Users\walli\.gradle\native\0.2.7\x86_64-windows-gnu\gradle-fileevents.dll
0x00007ffac2640000 - 0x00007ffac2649000 	C:\Program Files\Android\Android Studio\jbr\bin\management.dll
0x00007ffabd0e0000 - 0x00007ffabd0eb000 	C:\Program Files\Android\Android Studio\jbr\bin\management_ext.dll
0x00007ffad7cd0000 - 0x00007ffad7cd8000 	C:\WINDOWS\System32\PSAPI.DLL
0x00007ffad4790000 - 0x00007ffad47c4000 	C:\WINDOWS\SYSTEM32\IPHLPAPI.DLL
0x00007ffad7560000 - 0x00007ffad756a000 	C:\WINDOWS\System32\NSI.dll
0x00007ffac2730000 - 0x00007ffac2739000 	C:\Program Files\Android\Android Studio\jbr\bin\extnet.dll
0x00007ffad55b0000 - 0x00007ffad55cb000 	C:\WINDOWS\SYSTEM32\CRYPTSP.dll
0x00007ffad4cc0000 - 0x00007ffad4cf9000 	C:\WINDOWS\system32\rsaenh.dll
0x00007ffad5380000 - 0x00007ffad53ab000 	C:\WINDOWS\SYSTEM32\USERENV.dll
0x00007ffad5eb0000 - 0x00007ffad5eda000 	C:\WINDOWS\SYSTEM32\bcrypt.dll
0x00007ffad55a0000 - 0x00007ffad55ac000 	C:\WINDOWS\SYSTEM32\CRYPTBASE.dll
0x00007ffa9ce00000 - 0x00007ffa9ce08000 	C:\WINDOWS\system32\wshunix.dll

dbghelp: loaded successfully - version: 4.0.5 - missing functions: none
symbol engine: initialized successfully - sym options: 0x614 - pdb path: .;C:\Program Files\Android\Android Studio\jbr\bin;C:\WINDOWS\SYSTEM32;C:\WINDOWS\WinSxS\amd64_microsoft.windows.common-controls_6595b64144ccf1df_6.0.26100.7824_none_3e0870b2e3345462;C:\Program Files\Android\Android Studio\jbr\bin\server;C:\Users\walli\.gradle\native\1def1411415f61bf3af743bc5b6707747c0891f09f0c88961ee8f79bc544acac\windows-amd64;C:\Users\walli\.gradle\native\0.2.7\x86_64-windows-gnu

VM Arguments:
jvm_args: --add-opens=java.base/java.lang=ALL-UNNAMED --add-opens=java.base/java.lang.invoke=ALL-UNNAMED --add-opens=java.base/java.util=ALL-UNNAMED --add-opens=java.prefs/java.util.prefs=ALL-UNNAMED --add-exports=jdk.compiler/com.sun.tools.javac.api=ALL-UNNAMED --add-exports=jdk.compiler/com.sun.tools.javac.util=ALL-UNNAMED --add-opens=java.base/java.util=ALL-UNNAMED --add-opens=java.prefs/java.util.prefs=ALL-UNNAMED --add-opens=java.base/java.nio.charset=ALL-UNNAMED --add-opens=java.base/java.net=ALL-UNNAMED --add-opens=java.base/java.util.concurrent.atomic=ALL-UNNAMED --add-opens=java.xml/javax.xml.namespace=ALL-UNNAMED -Xmx2048m -Dfile.encoding=UTF-8 -Duser.country=BR -Duser.language=pt -Duser.variant -javaagent:C:\Users\walli\.gradle\wrapper\dists\gradle-8.13-bin\5xuhj0ry160q40clulazy9h7d\gradle-8.13\lib\agents\gradle-instrumentation-agent-8.13.jar 
java_command: org.gradle.launcher.daemon.bootstrap.GradleDaemon 8.13
java_class_path (initial): C:\Users\walli\.gradle\wrapper\dists\gradle-8.13-bin\5xuhj0ry160q40clulazy9h7d\gradle-8.13\lib\gradle-daemon-main-8.13.jar
Launcher Type: SUN_STANDARD

[Global flags]
     intx CICompilerCount                          = 4                                         {product} {ergonomic}
     uint ConcGCThreads                            = 3                                         {product} {ergonomic}
     uint G1ConcRefinementThreads                  = 10                                        {product} {ergonomic}
   size_t G1HeapRegionSize                         = 1048576                                   {product} {ergonomic}
    uintx GCDrainStackTargetSize                   = 64                                        {product} {ergonomic}
   size_t InitialHeapSize                          = 264241152                                 {product} {ergonomic}
   size_t MarkStackSize                            = 4194304                                   {product} {ergonomic}
   size_t MaxHeapSize                              = 2147483648                                {product} {command line}
   size_t MaxNewSize                               = 1287651328                                {product} {ergonomic}
   size_t MinHeapDeltaBytes                        = 1048576                                   {product} {ergonomic}
   size_t MinHeapSize                              = 8388608                                   {product} {ergonomic}
    uintx NonNMethodCodeHeapSize                   = 5839372                                {pd product} {ergonomic}
    uintx NonProfiledCodeHeapSize                  = 122909434                              {pd product} {ergonomic}
    uintx ProfiledCodeHeapSize                     = 122909434                              {pd product} {ergonomic}
    uintx ReservedCodeCacheSize                    = 251658240                              {pd product} {ergonomic}
     bool SegmentedCodeCache                       = true                                      {product} {ergonomic}
   size_t SoftMaxHeapSize                          = 2147483648                             {manageable} {ergonomic}
     bool UseCompressedOops                        = true                           {product lp64_product} {ergonomic}
     bool UseG1GC                                  = true                                      {product} {ergonomic}
     bool UseLargePagesIndividualAllocation        = false                                  {pd product} {ergonomic}

Logging:
Log output configuration:
 #0: stdout all=warning uptime,level,tags foldmultilines=false
 #1: stderr all=off uptime,level,tags foldmultilines=false

Environment Variables:
PATH=C:\WINDOWS\system32;C:\WINDOWS;C:\WINDOWS\System32\Wbem;C:\WINDOWS\System32\WindowsPowerShell\v1.0\;C:\WINDOWS\System32\OpenSSH\;C:\Program Files\Git\cmd;C:\Program Files\nodejs\;C:\Program Files\Docker\Docker\resources\bin;C:\Program Files\dotnet\;C:\Users\walli\AppData\Local\Programs\Python\Python314\Scripts\;C:\Users\walli\AppData\Local\Programs\Python\Python314\;C:\Users\walli\AppData\Local\Programs\Python\Launcher\;C:\Users\walli\AppData\Local\Microsoft\WindowsApps;C:\Users\walli\AppData\Local\Programs\Microsoft VS Code\bin;C:\Users\walli\AppData\Roaming\npm;C:\Users\walli\.deno\bin;C:\Users\walli\AppData\Local\Programs\Windsurf\bin
USERNAME=walli
OS=Windows_NT
PROCESSOR_IDENTIFIER=Intel64 Family 6 Model 154 Stepping 4, GenuineIntel
TMP=C:\Users\walli\AppData\Local\Temp
TEMP=C:\Users\walli\AppData\Local\Temp




Periodic native trim disabled

JNI global refs:
JNI global refs: 25, weak refs: 2

JNI global refs memory usage: 835, weak refs: 833

Process memory usage:
Resident Set Size: 276228K (1% of 16455228K total physical memory with 937828K free physical memory)

OOME stack traces (most recent first):
Classloader memory used:
Loader org.gradle.internal.classloader.VisitableURLClassLoader                         : 23119K
Loader bootstrap                                                                       : 20892K
Loader org.gradle.initialization.MixInLegacyTypesClassLoader                           : 3766K
Loader jdk.internal.loader.ClassLoaders$PlatformClassLoader                            : 526K
Loader jdk.internal.loader.ClassLoaders$AppClassLoader                                 : 235K
Loader org.gradle.groovy.scripts.internal.DefaultScriptCompilationHandler$ScriptClassLoader: 35720B
Loader org.codehaus.groovy.runtime.callsite.CallSiteClassLoader                        : 7200B

Classes loaded by more than one classloader:
Class org.gradle.internal.classloader.FilteringClassLoader                            : loaded 2 times (x 103B)
Class org.gradle.internal.classloader.ClassLoaderHierarchy                            : loaded 2 times (x 68B)
Class org.gradle.api.internal.classpath.ManifestUtil                                  : loaded 2 times (x 69B)
Class org.gradle.internal.classloader.DefaultClassLoaderFactory                       : loaded 2 times (x 80B)
Class org.gradle.internal.classloader.ClassLoaderVisitor                              : loaded 2 times (x 74B)
Class org.gradle.api.internal.classpath.EffectiveClassPath                            : loaded 2 times (x 88B)
Class org.gradle.api.internal.DefaultClassPathProvider                                : loaded 2 times (x 74B)
Class [Lorg.gradle.api.internal.ClassPathProvider;                                    : loaded 2 times (x 67B)
Class org.gradle.api.internal.ClassPathProvider                                       : loaded 2 times (x 68B)
Class org.gradle.internal.service.UnknownServiceException                             : loaded 2 times (x 81B)
Class org.gradle.internal.classpath.TransformedClassPath                              : loaded 2 times (x 94B)
Class org.gradle.internal.classloader.InstrumentingClassLoader                        : loaded 2 times (x 68B)
Class org.gradle.internal.service.ServiceLocator                                      : loaded 2 times (x 68B)
Class org.gradle.internal.InternalTransformer                                         : loaded 2 times (x 68B)
Class org.gradle.internal.classloader.ClasspathUtil$1                                 : loaded 2 times (x 74B)
Class org.gradle.api.internal.classpath.DefaultModuleRegistry$DefaultModule           : loaded 2 times (x 84B)
Class org.gradle.api.internal.classpath.Module                                        : loaded 2 times (x 68B)
Class org.gradle.api.internal.classpath.UnknownModuleException                        : loaded 2 times (x 80B)
Class org.gradle.api.internal.DefaultClassPathRegistry                                : loaded 2 times (x 74B)
Class org.gradle.api.internal.ClassPathRegistry                                       : loaded 2 times (x 68B)
Class org.gradle.internal.classpath.DefaultClassPath$ImmutableUniqueList              : loaded 2 times (x 197B)
Class org.gradle.internal.classpath.ClassPath                                         : loaded 2 times (x 68B)
Class org.gradle.api.UncheckedIOException                                             : loaded 2 times (x 80B)
Class org.gradle.internal.installation.GradleInstallation$1                           : loaded 2 times (x 73B)
Class org.gradle.api.internal.classpath.ModuleRegistry                                : loaded 2 times (x 68B)
Class org.gradle.api.internal.classpath.DefaultModuleRegistry                         : loaded 2 times (x 84B)
Class org.gradle.internal.service.ServiceLookupException                              : loaded 2 times (x 80B)
Class org.gradle.internal.classloader.ClassLoaderFactory                              : loaded 2 times (x 68B)
Class org.gradle.internal.service.CachingServiceLocator                               : loaded 2 times (x 80B)
Class org.gradle.internal.classloader.ClasspathUtil                                   : loaded 2 times (x 69B)
Class org.gradle.api.specs.Spec                                                       : loaded 2 times (x 68B)
Class org.gradle.internal.classloader.VisitableURLClassLoader$InstrumentingVisitableURLClassLoader: loaded 2 times (x 121B)
Class org.gradle.internal.classloader.VisitableURLClassLoader$Spec                    : loaded 2 times (x 72B)
Class org.gradle.internal.classpath.DefaultClassPath                                  : loaded 2 times (x 88B)
Class org.gradle.internal.classloader.ClassLoaderSpec                                 : loaded 2 times (x 69B)
Class org.gradle.internal.classloader.VisitableURLClassLoader                         : loaded 2 times (x 115B)
Class org.gradle.internal.Cast                                                        : loaded 2 times (x 69B)
Class org.gradle.api.Action                                                           : loaded 2 times (x 68B)
Class org.gradle.internal.classpath.DefaultClassPath$ImmutableUniqueList$Builder      : loaded 2 times (x 73B)
Class org.gradle.api.GradleException                                                  : loaded 2 times (x 80B)
Class org.gradle.internal.IoActions                                                   : loaded 2 times (x 69B)
Class org.gradle.internal.classloader.SystemClassLoaderSpec                           : loaded 2 times (x 69B)
Class org.gradle.api.internal.classpath.GlobalCacheRootsProvider                      : loaded 2 times (x 68B)
Class org.gradle.internal.installation.CurrentGradleInstallationLocator               : loaded 2 times (x 69B)
Class org.gradle.internal.service.DefaultServiceLocator                               : loaded 2 times (x 81B)
Class org.gradle.internal.installation.CurrentGradleInstallation                      : loaded 2 times (x 71B)
Class org.gradle.util.internal.GUtil                                                  : loaded 2 times (x 69B)
Class org.gradle.internal.installation.GradleInstallation                             : loaded 2 times (x 73B)

---------------  S Y S T E M  ---------------

OS:
 Windows 11 , 64 bit Build 26100 (10.0.26100.7705)
OS uptime: 5 days 15:48 hours
Hyper-V role detected

CPU: total 12 (initial active 12) (6 cores per cpu, 2 threads per core) family 6 model 154 stepping 4 microcode 0x42c, cx8, cmov, fxsr, ht, mmx, 3dnowpref, sse, sse2, sse3, ssse3, sse4.1, sse4.2, popcnt, lzcnt, tsc, tscinvbit, avx, avx2, aes, erms, clmul, bmi1, bmi2, adx, sha, fma, vzeroupper, clflush, clflushopt, clwb, hv, serialize, rdtscp, rdpid, fsrm, f16c, cet_ibt, cet_ss
Processor Information for processor 0
  Max Mhz: 1700, Current Mhz: 1700, Mhz Limit: 1700
Processor Information for processor 1
  Max Mhz: 1700, Current Mhz: 1700, Mhz Limit: 1700
Processor Information for processor 2
  Max Mhz: 1700, Current Mhz: 1700, Mhz Limit: 1700
Processor Information for processor 3
  Max Mhz: 1700, Current Mhz: 1700, Mhz Limit: 1700
Processor Information for processor 4
  Max Mhz: 1700, Current Mhz: 1200, Mhz Limit: 1190
Processor Information for processor 5
  Max Mhz: 1700, Current Mhz: 1200, Mhz Limit: 1190
Processor Information for processor 6
  Max Mhz: 1700, Current Mhz: 1200, Mhz Limit: 1190
Processor Information for processor 7
  Max Mhz: 1700, Current Mhz: 1200, Mhz Limit: 1190
Processor Information for processor 8
  Max Mhz: 1700, Current Mhz: 1200, Mhz Limit: 1190
Processor Information for processor 9
  Max Mhz: 1700, Current Mhz: 1200, Mhz Limit: 1190
Processor Information for processor 10
  Max Mhz: 1700, Current Mhz: 1200, Mhz Limit: 1190
Processor Information for processor 11
  Max Mhz: 1700, Current Mhz: 1200, Mhz Limit: 1190

Memory: 4k page, system-wide physical 16069M (911M free)
TotalPageFile size 24217M (AvailPageFile size 1261M)
current process WorkingSet (physical memory assigned to process): 270M, peak: 272M
current process commit charge ("private bytes"): 327M, peak: 385M

vm_info: OpenJDK 64-Bit Server VM (21.0.7+-13880790-b1038.58) for windows-amd64 JRE (21.0.7+-13880790-b1038.58), built on 2025-08-04T20:56:21Z by "builder" with MS VC++ 16.10 / 16.11 (VS2019)

END.
